<?xml version="1.0" encoding="UTF-8"?>
<!-- Generated by org.testng.reporters.JUnitReportReporter -->
<testsuite hostname="LTIN520199" failures="0" tests="9" name="casproject.TestClass" time="186.052" errors="0" timestamp="2024-04-04T11:37:33 IST" skipped="0">
  <testcase classname="casproject.TestClass" name="LoginPage" time="26.400"/>
  <testcase classname="casproject.TestClass" name="validateUser" time="7.802"/>
  <testcase classname="casproject.TestClass" name="validateAroundCognizant" time="0.405"/>
  <testcase classname="casproject.TestClass" name="CountNews" time="3.323"/>
  <testcase classname="casproject.TestClass" name="VerifyTooltip" time="20.041"/>
  <testcase classname="casproject.TestClass" name="clickSeeAll" time="6.340"/>
  <testcase classname="casproject.TestClass" name="SecondPage" time="5.585"/>
  <testcase classname="casproject.TestClass" name="VerifyNews" time="0.005"/>
  <testcase classname="casproject.TestClass" name="printNews" time="116.151"/>
</testsuite> <!-- casproject.TestClass -->
